<?xml version="1.0" encoding="UTF-8"?>
<!-- Generated by org.testng.reporters.JUnitReportReporter -->
<testsuite hostname="DESKTOP-A6LNTTJ" failures="0" tests="1" name="Attendance.AttendanceTest" time="43.826" errors="0" timestamp="2022-11-23T13:03:21 IST" skipped="0">
  <testcase classname="Attendance.AttendanceTest" name="validateMyAttendancePage" time="43.826"/>
  <system-out/>
</testsuite> <!-- Attendance.AttendanceTest -->
