<?xml version="1.0" encoding="UTF-8"?>
<!-- Generated by org.testng.reporters.JUnitReportReporter -->
<testsuite hostname="DESKTOP-A6LNTTJ" failures="0" tests="1" name="Fee.TeacherFeeManagerFeeTest" time="45.557" errors="0" timestamp="2022-11-25T13:31:54 IST" skipped="0">
  <testcase classname="Fee.TeacherFeeManagerFeeTest" name="validateTransactionsAddOfflinePayment" time="45.557"/>
  <system-out/>
</testsuite> <!-- Fee.TeacherFeeManagerFeeTest -->
