<?xml version="1.0" encoding="UTF-8"?>
<!-- Generated by org.testng.reporters.JUnitReportReporter -->
<testsuite hostname="DESKTOP-A6LNTTJ" failures="0" tests="1" name="Fee.FeeTest" time="19.859" errors="0" timestamp="2022-11-24T16:38:17 IST" skipped="0">
  <testcase classname="Fee.FeeTest" name="validateSettings" time="19.859"/>
  <system-out/>
</testsuite> <!-- Fee.FeeTest -->
